<?xml version="1.0" encoding="UTF-8" ?>
<testsuite errors="2" failures="0" hostname="xXx-PC" name="harness.AllTests" tests="340" time="24.244" timestamp="2013-11-19T10:11:40">
  <properties>
    <property name="env.VBOX_INSTALL_PATH" value="D:\Program Files\Oracle\VirtualBox\" />
    <property name="file.encoding.pkg" value="sun.io" />
    <property name="env.PROMPT" value="$P$G" />
    <property name="ivy.retrieve.pattern.ivy.instance" value="C:\Users\xXx\git\my_wppetrinetze/lib/[artifact]-[revision](-[classifier]).[ext]" />
    <property name="java.vendor.url.ivy.instance" value="http://java.oracle.com/" />
    <property name="ivy.project.dir.ivy.instance" value="C:\Users\xXx\git\my_wppetrinetze" />
    <property name="ivy.resolve.default.type.filter" value="*" />
    <property name="java.home" value="D:\jre" />
    <property name="ivy.configurations.ivy.instance" value="*" />
    <property name="ivy.basedir.ivy.instance" value="C:\Users\xXx\git\my_wppetrinetze" />
    <property name="ivy.dep.file.ivy.instance" value="ivy.xml" />
    <property name="java.endorsed.dirs" value="D:\jre\lib\endorsed" />
    <property name="java.class.path.ivy.instance" value="C:\Users\xXx\Downloads\eclipse2\eclipse\plugins\org.apache.ant_1.8.3.v201301120609\lib\ant-antlr.jar;C:\Users\xXx\Downloads\eclipse2\eclipse\plugins\org.apache.ant_1.8.3.v201301120609\lib\ant-apache-bcel.jar;C:\Users\xXx\Downloads\eclipse2\eclipse\plugins\org.apache.ant_1.8.3.v201301120609\lib\ant-apache-bsf.jar;C:\Users\xXx\Downloads\eclipse2\eclipse\plugins\org.apache.ant_1.8.3.v201301120609\lib\ant-apache-log4j.jar;C:\Users\xXx\Downloads\eclipse2\eclipse\plugins\org.apache.ant_1.8.3.v201301120609\lib\ant-apache-oro.jar;C:\Users\xXx\Downloads\eclipse2\eclipse\plugins\org.apache.ant_1.8.3.v201301120609\lib\ant-apache-regexp.jar;C:\Users\xXx\Downloads\eclipse2\eclipse\plugins\org.apache.ant_1.8.3.v201301120609\lib\ant-apache-resolver.jar;C:\Users\xXx\Downloads\eclipse2\eclipse\plugins\org.apache.ant_1.8.3.v201301120609\lib\ant-apache-xalan2.jar;C:\Users\xXx\Downloads\eclipse2\eclipse\plugins\org.apache.ant_1.8.3.v201301120609\lib\ant-commons-logging.jar;C:\Users\xXx\Downloads\eclipse2\eclipse\plugins\org.apache.ant_1.8.3.v201301120609\lib\ant-commons-net.jar;C:\Users\xXx\Downloads\eclipse2\eclipse\plugins\org.apache.ant_1.8.3.v201301120609\lib\ant-jai.jar;C:\Users\xXx\Downloads\eclipse2\eclipse\plugins\org.apache.ant_1.8.3.v201301120609\lib\ant-javamail.jar;C:\Users\xXx\Downloads\eclipse2\eclipse\plugins\org.apache.ant_1.8.3.v201301120609\lib\ant-jdepend.jar;C:\Users\xXx\Downloads\eclipse2\eclipse\plugins\org.apache.ant_1.8.3.v201301120609\lib\ant-jmf.jar;C:\Users\xXx\Downloads\eclipse2\eclipse\plugins\org.apache.ant_1.8.3.v201301120609\lib\ant-jsch.jar;C:\Users\xXx\Downloads\eclipse2\eclipse\plugins\org.apache.ant_1.8.3.v201301120609\lib\ant-junit.jar;C:\Users\xXx\Downloads\eclipse2\eclipse\plugins\org.apache.ant_1.8.3.v201301120609\lib\ant-junit4.jar;C:\Users\xXx\Downloads\eclipse2\eclipse\plugins\org.apache.ant_1.8.3.v201301120609\lib\ant-launcher.jar;C:\Users\xXx\Downloads\eclipse2\eclipse\plugins\org.apache.ant_1.8.3.v201301120609\lib\ant-netrexx.jar;C:\Users\xXx\Downloads\eclipse2\eclipse\plugins\org.apache.ant_1.8.3.v201301120609\lib\ant-swing.jar;C:\Users\xXx\Downloads\eclipse2\eclipse\plugins\org.apache.ant_1.8.3.v201301120609\lib\ant-testutil.jar;C:\Users\xXx\Downloads\eclipse2\eclipse\plugins\org.apache.ant_1.8.3.v201301120609\lib\ant.jar;C:\Users\xXx\Downloads\eclipse2\eclipse\configuration\org.eclipse.osgi\bundles\71\1\.cp\lib\antdebug.jar;C:\Users\xXx\Downloads\eclipse2\eclipse\configuration\org.eclipse.osgi\bundles\71\1\.cp\lib\remote.jar;C:\Users\xXx\Downloads\eclipse2\eclipse\configuration\org.eclipse.osgi\bundles\72\1\.cp\lib\remoteAnt.jar;D:\jdk\lib\tools.jar;C:\Users\xXx\Downloads\eclipse2\eclipse\plugins\org.eclipse.swt.win32.win32.x86_3.100.1.v4236b.jar;C:\Users\xXx\Downloads\eclipse2\eclipse\plugins\org.apache.ivy_2.3.0.final_20130110142753.jar" />
    <property name="ivy.home" value="C:\Users\xXx\.ivy2" />
    <property name="env.USERNAME" value="xXx" />
    <property name="debuglevel" value="source,lines,vars" />
    <property name="src.dir" value="C:\Users\xXx\git\my_wppetrinetze/src" />
    <property name="ECLIPSE_HOME" value="C:/eclipse" />
    <property name="java.vm.specification.vendor.ivy.instance" value="Oracle Corporation" />
    <property name="sun.os.patch.level" value="Service Pack 1" />
    <property name="ivy.dep.file" value="ivy.xml" />
    <property name="java.vendor.url" value="http://java.oracle.com/" />
    <property name="env.COMPUTERNAME" value="XXX-PC" />
    <property name="ivy.lib.dir.ivy.instance" value="C:\Users\xXx\git\my_wppetrinetze/lib" />
    <property name="java.version" value="1.7.0_17" />
    <property name="ivy.conf.dir.ivy.instance" value="C:\Users\xXx\git\my_wppetrinetze\ivy" />
    <property name="sun.boot.library.path.ivy.instance" value="D:\jre\bin" />
    <property name="ivy.dir" value="C:\Users\xXx\git\my_wppetrinetze/ivy" />
    <property name="ivy.report.output.pattern.ivy.instance" value="[organisation]-[module]-[conf].[ext]" />
    <property name="upload.repo.url.ivy.instance" value="http://upload:secret@developer.timadorus.org/artifactory" />
    <property name="ivy.module" value="wppetrinetze" />
    <property name="ivy.publish.src.artifacts.pattern.ivy.instance" value="C:\Users\xXx\git\my_wppetrinetze/distrib/[type]s/[artifact]-[revision](-[classifier]).[ext]" />
    <property name="java.vendor.url.bug" value="http://bugreport.sun.com/bugreport/" />
    <property name="env.USERPROFILE" value="C:\Users\xXx" />
    <property name="sun.management.compiler.ivy.instance" value="HotSpot Client Compiler" />
    <property name="ant.project.invoked-targets" value="build" />
    <property name="env.SystemRoot" value="C:\Windows" />
    <property name="os.name.ivy.instance" value="Windows 7" />
    <property name="ivy.default.ivy.user.dir.ivy.instance" value="C:\Users\xXx\.ivy2" />
    <property name="ivy.default.always.check.exact.revision" value="false" />
    <property name="ivy.default.settings.dir.ivy.instance" value="jar:file:/C:/Users/xXx/Downloads/eclipse2/eclipse/plugins/org.apache.ivy_2.3.0.final_20130110142753.jar!/org/apache/ivy/core/settings" />
    <property name="user.name" value="xXx" />
    <property name="sun.io.unicode.encoding" value="UnicodeLittle" />
    <property name="instrumented.bindir" value="C:\Users\xXx\git\my_wppetrinetze/instrumented.bin" />
    <property name="sun.jnu.encoding" value="Cp1252" />
    <property name="java.runtime.name" value="Java(TM) SE Runtime Environment" />
    <property name="ant.home.ivy.instance" value="C:\Users\xXx\Downloads\eclipse2\eclipse\plugins\org.apache.ant_1.8.3.v201301120609" />
    <property name="file.encoding.ivy.instance" value="UTF-8" />
    <property name="env.LOCALAPPDATA" value="C:\Users\xXx\AppData\Local" />
    <property name="ant.file.wppetrinetze" value="C:\Users\xXx\git\my_wppetrinetze\build.xml" />
    <property name="ivy.cache.ttl.default.ivy.instance" value="10s" />
    <property name="ivy.conf.file.ivy.instance" value="C:\Users\xXx\git\my_wppetrinetze\ivy\ivysettings.xml" />
    <property name="java.specification.vendor.ivy.instance" value="Oracle Corporation" />
    <property name="java.vendor.ivy.instance" value="Oracle Corporation" />
    <property name="lib.dir" value="C:\Users\xXx\git\my_wppetrinetze/lib" />
    <property name="sun.cpu.isalist.ivy.instance" value="" />
    <property name="java.specification.name" value="Java Platform API Specification" />
    <property name="user.timezone" value="" />
    <property name="java.endorsed.dirs.ivy.instance" value="D:\jre\lib\endorsed" />
    <property name="user.script" value="" />
    <property name="path.separator" value=";" />
    <property name="env.QNX_TARGET" value="C:/QNX650/target/qnx6" />
    <property name="env.PROCESSOR_IDENTIFIER" value="x86 Family 15 Model 6 Stepping 4, GenuineIntel" />
    <property name="java.class.version.ivy.instance" value="51.0" />
    <property name="ivy.default.conf.dir" value="jar:file:/C:/Users/xXx/Downloads/eclipse2/eclipse/plugins/org.apache.ivy_2.3.0.final_20130110142753.jar!/org/apache/ivy/core/settings" />
    <property name="file.encoding" value="Cp1252" />
    <property name="java.runtime.name.ivy.instance" value="Java(TM) SE Runtime Environment" />
    <property name="ivy.resolve.default.type.filter.ivy.instance" value="*" />
    <property name="env.QNX_HOST" value="C:/QNX650/host/win32/x86" />
    <property name="ant.project.default-target" value="build" />
    <property name="ivy.targets.copied" value="false" />
    <property name="sun.java.command" value="org.apache.tools.ant.taskdefs.optional.junit.JUnitTestRunner harness.AllTests filtertrace=true haltOnError=true haltOnFailure=true showoutput=false outputtoformatters=true logfailedtests=true logtestlistenerevents=false formatter=org.apache.tools.ant.taskdefs.optional.junit.XMLJUnitResultFormatter,C:\Users\xXx\git\my_wppetrinetze\TEST-harness.AllTests.xml formatter=org.apache.tools.ant.taskdefs.optional.junit.PlainJUnitResultFormatter crashfile=C:\Users\xXx\git\my_wppetrinetze\junitvmwatcher805574235708396864.properties propsfile=C:\Users\xXx\git\my_wppetrinetze\junit6747153753982203828.properties" />
    <property name="env.NUMBER_OF_PROCESSORS" value="2" />
    <property name="env.APPDATA" value="C:\Users\xXx\AppData\Roaming" />
    <property name="test-report.dir" value="C:\Users\xXx\git\my_wppetrinetze/test-results" />
    <property name="ant.file" value="C:\Users\xXx\git\my_wppetrinetze\build.xml" />
    <property name="ivy.distrib.dir.ivy.instance" value="C:\Users\xXx\git\my_wppetrinetze/distrib" />
    <property name="ivy.checksums.ivy.instance" value="sha1,md5" />
    <property name="sun.arch.data.model.ivy.instance" value="32" />
    <property name="ivy.build.artifacts.dir.ivy.instance" value="C:\Users\xXx\git\my_wppetrinetze/build/artifacts" />
    <property name="user.variant.ivy.instance" value="" />
    <property name="ivy.settings.file" value="C:\Users\xXx\git\my_wppetrinetze/ivy/ivysettings.xml" />
    <property name="java.io.tmpdir" value="C:\Users\xXx\AppData\Local\Temp\" />
    <property name="ivy.buildlist.ivyfilepath.ivy.instance" value="ivy.xml" />
    <property name="ivy.cache.ttl.default" value="10s" />
    <property name="user.language" value="de" />
    <property name="user.dir.ivy.instance" value="C:\Users\xXx\git\my_wppetrinetze" />
    <property name="env.SystemDrive" value="C:" />
    <property name="upload.repo.url" value="http://upload:secret@developer.timadorus.org/artifactory" />
    <property name="ivy.home.ivy.instance" value="C:\Users\xXx\.ivy2" />
    <property name="line.separator" value="&#xd;&#xa;" />
    <property name="target" value="1.6" />
    <property name="java.specification.version.ivy.instance" value="1.7" />
    <property name="env.SSH_AGENT_PID" value="2340" />
    <property name="ivy.build.artifacts.dir" value="C:\Users\xXx\git\my_wppetrinetze/build/artifacts" />
    <property name="sun.io.unicode.encoding.ivy.instance" value="UnicodeLittle" />
    <property name="ivy.status" value="integration" />
    <property name="java.vm.info" value="mixed mode, sharing" />
    <property name="ivy.lib.dir" value="C:\Users\xXx\git\my_wppetrinetze/lib" />
    <property name="source" value="1.6" />
    <property name="sun.desktop" value="windows" />
    <property name="java.vm.specification.name" value="Java Virtual Machine Specification" />
    <property name="ivy.default.conf.dir.ivy.instance" value="jar:file:/C:/Users/xXx/Downloads/eclipse2/eclipse/plugins/org.apache.ivy_2.3.0.final_20130110142753.jar!/org/apache/ivy/core/settings" />
    <property name="java.vm.version.ivy.instance" value="23.7-b01" />
    <property name="env.AVR32_HOME" value="D:\WinAVR-20100110" />
    <property name="env.PATHEXT" value=".COM;.EXE;.BAT;.CMD;.VBS;.VBE;.JS;.JSE;.WSF;.WSH;.MSC" />
    <property name="env.MOZ_PLUGIN_PATH" value="D:\Program Files\Foxit Software\Foxit Reader\plugins\" />
    <property name="env.MY_PROP" value="YES" />
    <property name="user.name.ivy.instance" value="xXx" />
    <property name="env.LOGONSERVER" value="\\XXX-PC" />
    <property name="ivy.cache.dir" value="C:\Users\xXx\git\my_wppetrinetze/ivy/cache" />
    <property name="java.awt.printerjob" value="sun.awt.windows.WPrinterJob" />
    <property name="java.io.tmpdir.ivy.instance" value="C:\Users\xXx\AppData\Local\Temp\" />
    <property name="env.QNX_JAVAHOME" value="C:\QNX650\_jvm" />
    <property name="env.PUBLIC" value="C:\Users\Public" />
    <property name="ant.version" value="Apache Ant(TM) version 1.8.3 compiled on February 26 2012" />
    <property name="java.home.ivy.instance" value="D:\jre" />
    <property name="env.USERDOMAIN" value="xXx-PC" />
    <property name="java.vm.vendor.ivy.instance" value="Oracle Corporation" />
    <property name="env.PROCESSOR_LEVEL" value="15" />
    <property name="user.script.ivy.instance" value="" />
    <property name="ivy.default.settings.dir" value="jar:file:/C:/Users/xXx/Downloads/eclipse2/eclipse/plugins/org.apache.ivy_2.3.0.final_20130110142753.jar!/org/apache/ivy/core/settings" />
    <property name="ivy.configurations" value="*" />
    <property name="env.windir" value="C:\Windows" />
    <property name="env.MAKEFLAGS" value="-IC:/QNX650/target/qnx6/usr/include" />
    <property name="ivy.settings.url" value="file:/C:/Users/xXx/git/my_wppetrinetze/ivy/ivysettings.xml" />
    <property name="os.name" value="Windows 7" />
    <property name="java.specification.vendor" value="Oracle Corporation" />
    <property name="sun.jnu.encoding.ivy.instance" value="Cp1252" />
    <property name="ivy.deliver.ivy.pattern.ivy.instance" value="C:\Users\xXx\git\my_wppetrinetze/distrib/[type]s/[artifact]-[revision](-[classifier]).[ext]" />
    <property name="ivy.checksums" value="sha1,md5" />
    <property name="env.TMP" value="C:\Users\xXx\AppData\Local\Temp" />
    <property name="java.vm.name" value="Java HotSpot(TM) Client VM" />
    <property name="env.ProgramData" value="C:\ProgramData" />
    <property name="ivy.log.modules.in.use" value="false" />
    <property name="java.runtime.version.ivy.instance" value="1.7.0_17-b02" />
    <property name="env.OS" value="Windows_NT" />
    <property name="ivy.report.output.pattern" value="[organisation]-[module]-[conf].[ext]" />
    <property name="ivy.version" value="2.3.0" />
    <property name="java.library.path" value="D:\jre\bin;C:\Windows\Sun\Java\bin;C:\Windows\system32;C:\Windows;D:/jre/bin/client;D:/jre/bin;D:/jre/lib/i386;C:\Program Files\Common Files\Microsoft Shared\Windows Live;D:\WinAVR-20100110\bin;D:\WinAVR-20100110\utils\bin;C:\Windows\system32;C:\Windows;C:\Windows\System32\Wbem;C:\Windows\System32\WindowsPowerShell\v1.0\;C:\Program Files\ATI Technologies\ATI.ACE\Core-Static;C:\Program Files\Windows Live\Shared;C:\Program Files\Common Files\Acronis\SnapAPI\;C:\QNX650\host\win32\x86\usr\bin;C:\Program Files\QNX Software Systems\bin;D:\Program Files\TortoiseSVN\bin;D:\jdk\bin;D:\jre\bin;C:\Program Files\EmEditor;C:\Program Files\Common Files\Adobe\AGL;d:\ModelSim\win32pe_edu;C:\Users\xXx\Downloads\eclipse2\eclipse;;." />
    <property name="ivy.conf.url" value="file:/C:/Users/xXx/git/my_wppetrinetze/ivy/ivysettings.xml" />
    <property name="java.vm.name.ivy.instance" value="Java HotSpot(TM) Client VM" />
    <property name="line.separator.ivy.instance" value="&#xd;&#xa;" />
    <property name="os.version.ivy.instance" value="6.1" />
    <property name="sun.desktop.ivy.instance" value="windows" />
    <property name="ant.java.version" value="1.7" />
    <property name="sun.cpu.endian.ivy.instance" value="little" />
    <property name="java.class.version" value="51.0" />
    <property name="basedir" value="C:\Users\xXx\git\my_wppetrinetze" />
    <property name="java.vm.specification.name.ivy.instance" value="Java Virtual Machine Specification" />
    <property name="ivy.settings.url.ivy.instance" value="file:/C:/Users/xXx/git/my_wppetrinetze/ivy/ivysettings.xml" />
    <property name="path.separator.ivy.instance" value=";" />
    <property name="sun.boot.class.path.ivy.instance" value="D:\jre\lib\resources.jar;D:\jre\lib\rt.jar;D:\jre\lib\sunrsasign.jar;D:\jre\lib\jsse.jar;D:\jre\lib\jce.jar;D:\jre\lib\charsets.jar;D:\jre\lib\jfr.jar;D:\jre\classes" />
    <property name="ant.home" value="C:\Users\xXx\Downloads\eclipse2\eclipse\plugins\org.apache.ant_1.8.3.v201301120609" />
    <property name="org.repo.url" value="http://developer.timadorus.org/artifactory" />
    <property name="env.Path" value="D:/jre/bin/client;D:/jre/bin;D:/jre/lib/i386;C:\Program Files\Common Files\Microsoft Shared\Windows Live;D:\WinAVR-20100110\bin;D:\WinAVR-20100110\utils\bin;C:\Windows\system32;C:\Windows;C:\Windows\System32\Wbem;C:\Windows\System32\WindowsPowerShell\v1.0\;C:\Program Files\ATI Technologies\ATI.ACE\Core-Static;C:\Program Files\Windows Live\Shared;C:\Program Files\Common Files\Acronis\SnapAPI\;C:\QNX650\host\win32\x86\usr\bin;C:\Program Files\QNX Software Systems\bin;D:\Program Files\TortoiseSVN\bin;D:\jdk\bin;D:\jre\bin;C:\Program Files\EmEditor;C:\Program Files\Common Files\Adobe\AGL;d:\ModelSim\win32pe_edu;C:\Users\xXx\Downloads\eclipse2\eclipse;" />
    <property name="ivy.resolved.configurations" value="default" />
    <property name="env.HOMEDRIVE" value="C:" />
    <property name="ivy.deliver.ivy.pattern" value="C:\Users\xXx\git\my_wppetrinetze/distrib/[type]s/[artifact]-[revision](-[classifier]).[ext]" />
    <property name="env.CARBON_MEM_DISABLE" value="1" />
    <property name="env.AV_APPDATA" value="C:\Users\xXx\AppData\Roaming" />
    <property name="build.dir" value="C:\Users\xXx\git\my_wppetrinetze/bin" />
    <property name="sun.boot.library.path" value="D:\jre\bin" />
    <property name="java.library.path.ivy.instance" value="C:\Users\xXx\Downloads\eclipse2\eclipse;C:\Windows\Sun\Java\bin;C:\Windows\system32;C:\Windows;D:/jre/bin/client;D:/jre/bin;D:/jre/lib/i386;C:\Program Files\Common Files\Microsoft Shared\Windows Live;D:\WinAVR-20100110\bin;D:\WinAVR-20100110\utils\bin;C:\Windows\system32;C:\Windows;C:\Windows\System32\Wbem;C:\Windows\System32\WindowsPowerShell\v1.0\;C:\Program Files\ATI Technologies\ATI.ACE\Core-Static;C:\Program Files\Windows Live\Shared;C:\Program Files\Common Files\Acronis\SnapAPI\;C:\QNX650\host\win32\x86\usr\bin;C:\Program Files\QNX Software Systems\bin;D:\Program Files\TortoiseSVN\bin;D:\jdk\bin;D:\jre\bin;C:\Program Files\EmEditor;C:\Program Files\Common Files\Adobe\AGL;d:\ModelSim\win32pe_edu;C:\Users\xXx\Downloads\eclipse2\eclipse;;.;C:\Users\xXx\Downloads\eclipse2\eclipse\configuration\org.eclipse.osgi\bundles\343\1\.cp" />
    <property name="ivy.default.always.check.exact.revision.ivy.instance" value="false" />
    <property name="awt.toolkit.ivy.instance" value="sun.awt.windows.WToolkit" />
    <property name="env.PROCESSOR_REVISION" value="0604" />
    <property name="sun.management.compiler" value="HotSpot Client Compiler" />
    <property name="env.QNX_CONFIGURATION" value="C:\Program Files\QNX Software Systems" />
    <property name="ivy.basedir" value="C:\Users\xXx\git\my_wppetrinetze" />
    <property name="user.variant" value="" />
    <property name="java.ext.dirs.ivy.instance" value="D:\jre\lib\ext;C:\Windows\Sun\Java\lib\ext" />
    <property name="java.awt.graphicsenv" value="sun.awt.Win32GraphicsEnvironment" />
    <property name="ivy.log.modules.in.use.ivy.instance" value="false" />
    <property name="sun.os.patch.level.ivy.instance" value="Service Pack 1" />
    <property name="file.encoding.pkg.ivy.instance" value="sun.io" />
    <property name="ivy.resolver.default.check.modified" value="false" />
    <property name="ivy.settings.file.ivy.instance" value="C:\Users\xXx\git\my_wppetrinetze\ivy\ivysettings.xml" />
    <property name="ivy.nb.targets.copied" value="0" />
    <property name="ant.project.name" value="wppetrinetze" />
    <property name="java.vm.specification.version" value="1.7" />
    <property name="ivy.cache.dir.ivy.instance" value="C:\Users\xXx\git\my_wppetrinetze\ivy\cache" />
    <property name="ivy.status.ivy.instance" value="integration" />
    <property name="awt.toolkit" value="sun.awt.windows.WToolkit" />
    <property name="sun.cpu.isalist" value="" />
    <property name="file.separator.ivy.instance" value="\" />
    <property name="ivy.deps.changed" value="false" />
    <property name="java.ext.dirs" value="D:\jre\lib\ext;C:\Windows\Sun\Java\lib\ext" />
    <property name="os.version" value="6.1" />
    <property name="user.home" value="C:\Users\xXx" />
    <property name="sun.java.launcher.ivy.instance" value="SUN_STANDARD" />
    <property name="java.vm.vendor" value="Oracle Corporation" />
    <property name="ivy.organisation" value="de.haw-hamburg.informatik" />
    <property name="user.dir" value="C:\Users\xXx\git\my_wppetrinetze" />
    <property name="ant.library.dir.ivy.instance" value="C:\Users\xXx\Downloads\eclipse2\eclipse\plugins\org.apache.ant_1.8.3.v201301120609\lib" />
    <property name="env.FP_NO_HOST_CHECK" value="NO" />
    <property name="java.vm.info.ivy.instance" value="mixed mode, sharing" />
    <property name="test.dir" value="C:\Users\xXx\git\my_wppetrinetze/test" />
    <property name="ivy.publish.src.artifacts.pattern" value="C:\Users\xXx\git\my_wppetrinetze/distrib/[type]s/[artifact]-[revision](-[classifier]).[ext]" />
    <property name="sun.java.command.ivy.instance" value="org.eclipse.ant.internal.launching.remote.InternalAntRunner -Dorg.eclipse.ant.core.ANT_PROCESS_ID=1384855889069 -Declipse.connect.port=50980 -Dant.home=C:\Users\xXx\Downloads\eclipse2\eclipse\plugins\org.apache.ant_1.8.3.v201301120609 -logger org.eclipse.ant.internal.launching.remote.logger.RemoteAntBuildLogger -inputhandler org.eclipse.ant.internal.ui.antsupport.inputhandler.ProxyInputHandler -buildfile C:\Users\xXx\git\my_wppetrinetze\build.xml" />
    <property name="org.repo.url.ivy.instance" value="http://developer.timadorus.org/artifactory" />
    <property name="ivy.distrib.dir" value="C:\Users\xXx\git\my_wppetrinetze/distrib" />
    <property name="sun.cpu.endian" value="little" />
    <property name="ant.file.type.wppetrinetze" value="file" />
    <property name="env.ALLUSERSPROFILE" value="C:\ProgramData" />
    <property name="ivy.revision" value="0.1" />
    <property name="user.timezone.ivy.instance" value="Europe/Berlin" />
    <property name="env.PROCESSOR_ARCHITECTURE" value="x86" />
    <property name="java.vm.version" value="23.7-b01" />
    <property name="env.HOMEPATH" value="\Users\xXx" />
    <property name="ivy.default.ivy.user.dir" value="C:\Users\xXx\.ivy2" />
    <property name="java.class.path" value="C:\Users\xXx\Downloads\eclipse2\eclipse\plugins\org.apache.ant_1.8.3.v201301120609\lib\ant-antlr.jar;C:\Users\xXx\Downloads\eclipse2\eclipse\plugins\org.apache.ant_1.8.3.v201301120609\lib\ant-apache-bcel.jar;C:\Users\xXx\Downloads\eclipse2\eclipse\plugins\org.apache.ant_1.8.3.v201301120609\lib\ant-apache-bsf.jar;C:\Users\xXx\Downloads\eclipse2\eclipse\plugins\org.apache.ant_1.8.3.v201301120609\lib\ant-apache-log4j.jar;C:\Users\xXx\Downloads\eclipse2\eclipse\plugins\org.apache.ant_1.8.3.v201301120609\lib\ant-apache-oro.jar;C:\Users\xXx\Downloads\eclipse2\eclipse\plugins\org.apache.ant_1.8.3.v201301120609\lib\ant-apache-regexp.jar;C:\Users\xXx\Downloads\eclipse2\eclipse\plugins\org.apache.ant_1.8.3.v201301120609\lib\ant-apache-resolver.jar;C:\Users\xXx\Downloads\eclipse2\eclipse\plugins\org.apache.ant_1.8.3.v201301120609\lib\ant-apache-xalan2.jar;C:\Users\xXx\Downloads\eclipse2\eclipse\plugins\org.apache.ant_1.8.3.v201301120609\lib\ant-commons-logging.jar;C:\Users\xXx\Downloads\eclipse2\eclipse\plugins\org.apache.ant_1.8.3.v201301120609\lib\ant-commons-net.jar;C:\Users\xXx\Downloads\eclipse2\eclipse\plugins\org.apache.ant_1.8.3.v201301120609\lib\ant-jai.jar;C:\Users\xXx\Downloads\eclipse2\eclipse\plugins\org.apache.ant_1.8.3.v201301120609\lib\ant-javamail.jar;C:\Users\xXx\Downloads\eclipse2\eclipse\plugins\org.apache.ant_1.8.3.v201301120609\lib\ant-jdepend.jar;C:\Users\xXx\Downloads\eclipse2\eclipse\plugins\org.apache.ant_1.8.3.v201301120609\lib\ant-jmf.jar;C:\Users\xXx\Downloads\eclipse2\eclipse\plugins\org.apache.ant_1.8.3.v201301120609\lib\ant-jsch.jar;C:\Users\xXx\Downloads\eclipse2\eclipse\plugins\org.apache.ant_1.8.3.v201301120609\lib\ant-junit.jar;C:\Users\xXx\Downloads\eclipse2\eclipse\plugins\org.apache.ant_1.8.3.v201301120609\lib\ant-junit4.jar;C:\Users\xXx\Downloads\eclipse2\eclipse\plugins\org.apache.ant_1.8.3.v201301120609\lib\ant-launcher.jar;C:\Users\xXx\Downloads\eclipse2\eclipse\plugins\org.apache.ant_1.8.3.v201301120609\lib\ant-netrexx.jar;C:\Users\xXx\Downloads\eclipse2\eclipse\plugins\org.apache.ant_1.8.3.v201301120609\lib\ant-swing.jar;C:\Users\xXx\Downloads\eclipse2\eclipse\plugins\org.apache.ant_1.8.3.v201301120609\lib\ant-testutil.jar;C:\Users\xXx\Downloads\eclipse2\eclipse\plugins\org.apache.ant_1.8.3.v201301120609\lib\ant.jar;C:\Users\xXx\Downloads\eclipse2\eclipse\configuration\org.eclipse.osgi\bundles\71\1\.cp\lib\antdebug.jar;C:\Users\xXx\Downloads\eclipse2\eclipse\configuration\org.eclipse.osgi\bundles\71\1\.cp\lib\remote.jar;C:\Users\xXx\Downloads\eclipse2\eclipse\configuration\org.eclipse.osgi\bundles\72\1\.cp\lib\remoteAnt.jar;D:\jdk\lib\tools.jar;C:\Users\xXx\Downloads\eclipse2\eclipse\plugins\org.eclipse.swt.win32.win32.x86_3.100.1.v4236b.jar;C:\Users\xXx\Downloads\eclipse2\eclipse\plugins\org.apache.ivy_2.3.0.final_20130110142753.jar;C:\Users\xXx\git\my_wppetrinetze\lib\default\activation-1.1.jar;C:\Users\xXx\git\my_wppetrinetze\lib\default\antlr-2.7.7.jar;C:\Users\xXx\git\my_wppetrinetze\lib\default\checkstyle-5.3.jar;C:\Users\xXx\git\my_wppetrinetze\lib\default\collections-generic-4.01.jar;C:\Users\xXx\git\my_wppetrinetze\lib\default\colt-1.2.0.jar;C:\Users\xXx\git\my_wppetrinetze\lib\default\commons-beanutils-core-1.8.3.jar;C:\Users\xXx\git\my_wppetrinetze\lib\default\commons-cli-1.2.jar;C:\Users\xXx\git\my_wppetrinetze\lib\default\commons-logging-1.1.1.jar;C:\Users\xXx\git\my_wppetrinetze\lib\default\commons-math3-3.0.jar;C:\Users\xXx\git\my_wppetrinetze\lib\default\concurrent-1.3.4.jar;C:\Users\xXx\git\my_wppetrinetze\lib\default\emma-2.1.5320-javadoc.jar;C:\Users\xXx\git\my_wppetrinetze\lib\default\emma-2.1.5320-sources.jar;C:\Users\xXx\git\my_wppetrinetze\lib\default\emma-2.1.5320.jar;C:\Users\xXx\git\my_wppetrinetze\lib\default\emma_ant-2.1.5320-javadoc.jar;C:\Users\xXx\git\my_wppetrinetze\lib\default\emma_ant-2.1.5320-sources.jar;C:\Users\xXx\git\my_wppetrinetze\lib\default\emma_ant-2.1.5320.jar;C:\Users\xXx\git\my_wppetrinetze\lib\default\google-collections-1.0.jar;C:\Users\xXx\git\my_wppetrinetze\lib\default\jaxb-api-2.2.2-promoted-b99.jar;C:\Users\xXx\git\my_wppetrinetze\lib\default\jaxb-impl-2.2.2-promoted-b99.jar;C:\Users\xXx\git\my_wppetrinetze\lib\default\jung-algorithms-2.0.1.jar;C:\Users\xXx\git\my_wppetrinetze\lib\default\jung-api-2.0.1.jar;C:\Users\xXx\git\my_wppetrinetze\lib\default\jung-graph-impl-2.0.1.jar;C:\Users\xXx\git\my_wppetrinetze\lib\default\jung-visualization-2.0.1.jar;C:\Users\xXx\git\my_wppetrinetze\lib\default\junit-4.8.2-javadoc.jar;C:\Users\xXx\git\my_wppetrinetze\lib\default\junit-4.8.2-sources.jar;C:\Users\xXx\git\my_wppetrinetze\lib\default\junit-4.8.2.jar;C:\Users\xXx\git\my_wppetrinetze\lib\default\stax-api-1.0-2.jar;C:\Users\xXx\git\my_wppetrinetze\instrumented.bin;C:\Users\xXx\git\my_wppetrinetze\bin" />
    <property name="user.home.ivy.instance" value="C:\Users\xXx" />
    <property name="basedir.ivy.instance" value="C:\Users\xXx\git\my_wppetrinetze" />
    <property name="ant.library.dir" value="C:\Users\xXx\Downloads\eclipse2\eclipse\plugins\org.apache.ant_1.8.3.v201301120609\lib" />
    <property name="os.arch" value="x86" />
    <property name="ivy.conf.file" value="C:\Users\xXx\git\my_wppetrinetze\ivy\ivysettings.xml" />
    <property name="java.awt.graphicsenv.ivy.instance" value="sun.awt.Win32GraphicsEnvironment" />
    <property name="java.vendor.url.bug.ivy.instance" value="http://bugreport.sun.com/bugreport/" />
    <property name="java.vm.specification.version.ivy.instance" value="1.7" />
    <property name="env.SESSIONNAME" value="Console" />
    <property name="sun.java.launcher" value="SUN_STANDARD" />
    <property name="env.CommonProgramFiles" value="C:\Program Files\Common Files" />
    <property name="java.awt.printerjob.ivy.instance" value="sun.awt.windows.WPrinterJob" />
    <property name="ivy.settings.dir.ivy.instance" value="C:\Users\xXx\git\my_wppetrinetze\ivy" />
    <property name="ivy.resolver.default.check.modified.ivy.instance" value="false" />
    <property name="env.ProgramFiles" value="C:\Program Files" />
    <property name="ant.core.lib" value="C:\Users\xXx\Downloads\eclipse2\eclipse\plugins\org.apache.ant_1.8.3.v201301120609\lib\ant.jar" />
    <property name="java.vm.specification.vendor" value="Oracle Corporation" />
    <property name="ivy.settings.dir" value="C:\Users\xXx\git\my_wppetrinetze\ivy" />
    <property name="user.language.ivy.instance" value="de" />
    <property name="file.separator" value="\" />
    <property name="user.country.ivy.instance" value="DE" />
    <property name="ivy.conf.url.ivy.instance" value="file:/C:/Users/xXx/git/my_wppetrinetze/ivy/ivysettings.xml" />
    <property name="env.tvdumpflags" value="8" />
    <property name="java.specification.name.ivy.instance" value="Java Platform API Specification" />
    <property name="java.runtime.version" value="1.7.0_17-b02" />
    <property name="coverage.dir" value="C:\Users\xXx\git\my_wppetrinetze/coverage" />
    <property name="env.SSH_AUTH_SOCK" value="/tmp/ssh-DbpLku4876/agent.4876" />
    <property name="sun.boot.class.path" value="D:\jre\lib\resources.jar;D:\jre\lib\rt.jar;D:\jre\lib\sunrsasign.jar;D:\jre\lib\jsse.jar;D:\jre\lib\jce.jar;D:\jre\lib\charsets.jar;D:\jre\lib\jfr.jar;D:\jre\classes" />
    <property name="env.ComSpec" value="C:\Windows\system32\cmd.exe" />
    <property name="ivy.conf.dir" value="C:\Users\xXx\git\my_wppetrinetze\ivy" />
    <property name="ivy.retrieve.pattern" value="C:\Users\xXx\git\my_wppetrinetze/lib/[artifact]-[revision](-[classifier]).[ext]" />
    <property name="env.TEMP" value="C:\Users\xXx\AppData\Local\Temp" />
    <property name="user.country" value="DE" />
    <property name="env.ANT_HOME" value="C:\Users\xXx\Downloads\eclipse2\eclipse\plugins\org.apache.ant_1.8.3.v201301120609" />
    <property name="java.version.ivy.instance" value="1.7.0_17" />
    <property name="ivy.resolved.file" value="C:\Users\xXx\git\my_wppetrinetze\ivy.xml" />
    <property name="os.arch.ivy.instance" value="x86" />
    <property name="java.vendor" value="Oracle Corporation" />
    <property name="ivy.project.dir" value="C:\Users\xXx\git\my_wppetrinetze" />
    <property name="env.PSModulePath" value="C:\Windows\system32\WindowsPowerShell\v1.0\Modules\" />
    <property name="java.specification.version" value="1.7" />
    <property name="sun.arch.data.model" value="32" />
    <property name="ivy.buildlist.ivyfilepath" value="ivy.xml" />
  </properties>
  <testcase classname="petrinetze.impl.PetrinetTest" name="simpleNet" time="0.093" />
  <testcase classname="petrinetze.impl.PetrinetTest" name="activation" time="0.0" />
  <testcase classname="petrinetze.impl.PetrinetzTest" name="createPlace" time="0.0" />
  <testcase classname="petrinetze.impl.PetrinetzTest" name="createArc" time="0.0" />
  <testcase classname="petrinetze.impl.PetrinetzTest" name="tokenFire" time="0.0" />
  <testcase classname="petrinetze.impl.PetrinetzTest" name="createTransition" time="0.0" />
  <testcase classname="petrinetze.impl.PetrinetzTest" name="randomTokenFire" time="0.031" />
  <testcase classname="petrinetze.impl.DeleteTest" name="checkReturnValuePlace" time="0.024" />
  <testcase classname="petrinetze.impl.DeleteTest" name="checkReturnValueTransition" time="0.0" />
  <testcase classname="petrinetze.impl.DeleteTest" name="checkReturnValueArc" time="0.0" />
  <testcase classname="transformation.MorphismTest" name="testEqualMatches" time="0.179" />
  <testcase classname="transformation.MorphismTest" name="testTransitions" time="0.0" />
  <testcase classname="transformation.MorphismTest" name="testMorph_Transition" time="0.0" />
  <testcase classname="transformation.MorphismTest" name="testMorph_Place" time="0.0" />
  <testcase classname="transformation.MorphismTest" name="testMorph_Arc" time="0.0" />
  <testcase classname="transformation.MorphismTest" name="testPlaces" time="0.008" />
  <testcase classname="transformation.MorphismTest" name="testEdges" time="0.0" />
  <testcase classname="transformation.MorphismTest" name="testFrom" time="0.008" />
  <testcase classname="transformation.MorphismTest" name="testTo" time="0.007" />
  <testcase classname="transformation.RuleTest" name="testSetTlbTransition_7" time="0.016" />
  <testcase classname="transformation.RuleTest" name="testSetTlbTransition_4" time="0.0" />
  <testcase classname="transformation.RuleTest" name="testSetTlbTransition_6" time="0.008" />
  <testcase classname="transformation.RuleTest" name="testSetTlbTransition_5" time="0.0" />
  <testcase classname="transformation.RuleTest" name="testTransitions" time="0.0" />
  <testcase classname="transformation.RuleTest" name="testRemoveTransition_1" time="0.0" />
  <testcase classname="transformation.RuleTest" name="testRemoveTransition_2" time="0.0" />
  <testcase classname="transformation.RuleTest" name="testRemoveTransition_3" time="0.008" />
  <testcase classname="transformation.RuleTest" name="testRemoveTransition_4" time="0.0" />
  <testcase classname="transformation.RuleTest" name="testRemoveTransition_5" time="0.0" />
  <testcase classname="transformation.RuleTest" name="testRemoveTransition_6" time="0.0" />
  <testcase classname="transformation.RuleTest" name="testRemoveTransition_7" time="0.0" />
  <testcase classname="transformation.RuleTest" name="testSetNameTransition_1" time="0.0" />
  <testcase classname="transformation.RuleTest" name="testSetNameTransition_2" time="0.0" />
  <testcase classname="transformation.RuleTest" name="testSetNameTransition_3" time="0.0" />
  <testcase classname="transformation.RuleTest" name="testSetNameTransition_4" time="0.0" />
  <testcase classname="transformation.RuleTest" name="testSetNameTransition_5" time="0.0" />
  <testcase classname="transformation.RuleTest" name="testSetNameTransition_6" time="0.0" />
  <testcase classname="transformation.RuleTest" name="testSetNameTransition_7" time="0.0" />
  <testcase classname="transformation.RuleTest" name="testSetTlbTransition_1" time="0.0" />
  <testcase classname="transformation.RuleTest" name="testSetTlbTransition_2" time="0.0" />
  <testcase classname="transformation.RuleTest" name="testSetTlbTransition_3" time="0.0" />
  <testcase classname="transformation.RuleTest" name="testPlaces" time="0.0" />
  <testcase classname="transformation.RuleTest" name="testArcs" time="0.0" />
  <testcase classname="transformation.RuleTest" name="testAddPlace" time="0.0" />
  <testcase classname="transformation.RuleTest" name="testAddArc" time="0.0" />
  <testcase classname="transformation.RuleTest" name="testFromLtoK_INode" time="0.0" />
  <testcase classname="transformation.RuleTest" name="testFromLtoK_Arc" time="0.0" />
  <testcase classname="transformation.RuleTest" name="testFromRtoK_INode" time="0.0" />
  <testcase classname="transformation.RuleTest" name="testFromRtoK_Arc" time="0.015" />
  <testcase classname="transformation.RuleTest" name="testAddTransition" time="0.0" />
  <testcase classname="transformation.RuleTest" name="testRemovePlace_1" time="0.0" />
  <testcase classname="transformation.RuleTest" name="testRemovePlace_2" time="0.0" />
  <testcase classname="transformation.RuleTest" name="testRemovePlace_3" time="0.0" />
  <testcase classname="transformation.RuleTest" name="testRemovePlace_4" time="0.0" />
  <testcase classname="transformation.RuleTest" name="testRemovePlace_5" time="0.0" />
  <testcase classname="transformation.RuleTest" name="testRemovePlace_6" time="0.0" />
  <testcase classname="transformation.RuleTest" name="testRemovePlace_7" time="0.0" />
  <testcase classname="transformation.RuleTest" name="testRemovePreArc_1" time="0.0" />
  <testcase classname="transformation.RuleTest" name="testRemovePreArc_2" time="0.007" />
  <testcase classname="transformation.RuleTest" name="testRemovePreArc_3" time="0.0" />
  <testcase classname="transformation.RuleTest" name="testRemovePreArc_4" time="0.0" />
  <testcase classname="transformation.RuleTest" name="testRemovePreArc_5" time="0.0" />
  <testcase classname="transformation.RuleTest" name="testRemovePreArc_6" time="0.0" />
  <testcase classname="transformation.RuleTest" name="testRemovePreArc_7" time="0.008" />
  <testcase classname="transformation.RuleTest" name="testRemovePostArc_1" time="0.0" />
  <testcase classname="transformation.RuleTest" name="testRemovePostArc_2" time="0.0" />
  <testcase classname="transformation.RuleTest" name="testRemovePostArc_3" time="0.0" />
  <testcase classname="transformation.RuleTest" name="testRemovePostArc_4" time="0.0" />
  <testcase classname="transformation.RuleTest" name="testRemovePostArc_5" time="0.008" />
  <testcase classname="transformation.RuleTest" name="testRemovePostArc_6" time="0.0" />
  <testcase classname="transformation.RuleTest" name="testRemovePostArc_7" time="0.0" />
  <testcase classname="transformation.RuleTest" name="testSetNamePlace_1" time="0.0" />
  <testcase classname="transformation.RuleTest" name="testSetNamePlace_2" time="0.0" />
  <testcase classname="transformation.RuleTest" name="testSetNamePlace_3" time="0.0" />
  <testcase classname="transformation.RuleTest" name="testSetNamePlace_4" time="0.0" />
  <testcase classname="transformation.RuleTest" name="testSetNamePlace_5" time="0.0" />
  <testcase classname="transformation.RuleTest" name="testSetNamePlace_6" time="0.0" />
  <testcase classname="transformation.RuleTest" name="testSetNamePlace_7" time="0.0" />
  <testcase classname="transformation.RuleTest" name="testSetMarkingPlace_1" time="0.0" />
  <testcase classname="transformation.RuleTest" name="testSetMarkingPlace_2" time="0.0" />
  <testcase classname="transformation.RuleTest" name="testSetMarkingPlace_3" time="0.0" />
  <testcase classname="transformation.RuleTest" name="testSetMarkingPlace_4" time="0.0" />
  <testcase classname="transformation.RuleTest" name="testSetMarkingPlace_5" time="0.0" />
  <testcase classname="transformation.RuleTest" name="testSetMarkingPlace_6" time="0.0" />
  <testcase classname="transformation.RuleTest" name="testSetMarkingPlace_7" time="0.0" />
  <testcase classname="transformation.RuleTest" name="testSetRnwTransition_1" time="0.0" />
  <testcase classname="transformation.RuleTest" name="testSetRnwTransition_2" time="0.0" />
  <testcase classname="transformation.RuleTest" name="testSetRnwTransition_3" time="0.0" />
  <testcase classname="transformation.RuleTest" name="testSetRnwTransition_4" time="0.0" />
  <testcase classname="transformation.RuleTest" name="testSetRnwTransition_5" time="0.024" />
  <testcase classname="transformation.RuleTest" name="testSetRnwTransition_6" time="0.0" />
  <testcase classname="transformation.RuleTest" name="testSetRnwTransition_7" time="0.0" />
  <testcase classname="transformation.RuleTest" name="testSetWeightPreArc_1" time="0.0" />
  <testcase classname="transformation.RuleTest" name="testSetWeightPreArc_2" time="0.0" />
  <testcase classname="transformation.RuleTest" name="testSetWeightPreArc_3" time="0.0" />
  <testcase classname="transformation.RuleTest" name="testSetWeightPreArc_4" time="0.0" />
  <testcase classname="transformation.RuleTest" name="testSetWeightPreArc_5" time="0.0" />
  <testcase classname="transformation.RuleTest" name="testSetWeightPreArc_6" time="0.0" />
  <testcase classname="transformation.RuleTest" name="testSetWeightPreArc_7" time="0.0" />
  <testcase classname="transformation.RuleTest" name="testSetWeightPostArc_1" time="0.0" />
  <testcase classname="transformation.RuleTest" name="testSetWeightPostArc_2" time="0.001" />
  <testcase classname="transformation.RuleTest" name="testSetWeightPostArc_3" time="0.001" />
  <testcase classname="transformation.RuleTest" name="testSetWeightPostArc_4" time="0.001" />
  <testcase classname="transformation.RuleTest" name="testSetWeightPostArc_5" time="0.0" />
  <testcase classname="transformation.RuleTest" name="testSetWeightPostArc_6" time="0.0" />
  <testcase classname="transformation.RuleTest" name="testSetWeightPostArc_7" time="0.0" />
  <testcase classname="transformation.MorphismPlacesTest" name="testPlacesMorphismMatchingDistribution" time="0.001" />
  <testcase classname="transformation.MorphismPlacesTest" name="testStupidMethodToGetCodeCoverageForGetters" time="0.0" />
  <testcase classname="transformation.MorphismPlacesTest" name="testPlacesMorphismCorrectMatches" time="0.267" />
  <testcase classname="transformation.MorphismPlacesTest" name="testPlacesMorphismCount" time="0.001" />
  <testcase classname="transformation.MorphismTransitionsTest" name="testPlacesMorphismMatchingDistribution" time="0.0" />
  <testcase classname="transformation.MorphismTransitionsTest" name="testPlacesMorphismCorrectMatches" time="0.0" />
  <testcase classname="transformation.MorphismTransitionsTest" name="testPlacesMorphismCount" time="0.0" />
  <testcase classname="transformation.rules.Rule7Test" name="testApplyingRule" time="0.031" />
  <testcase classname="transformation.rules.Rule3Test" name="testRightMorphism" time="0.0" />
  <testcase classname="transformation.rules.Rule1Test" name="testApplyingRule" time="0.094" />
  <testcase classname="transformation.ScenariosRuleCreationTest" name="scenario1" time="0.007" />
  <testcase classname="transformation.ScenariosRuleCreationTest" name="scenario2" time="0.0" />
  <testcase classname="transformation.ScenariosRuleCreationTest" name="scenario3" time="0.0" />
  <testcase classname="transformation.ScenariosRuleCreationTest" name="scenario4" time="0.0" />
  <testcase classname="transformation.ScenariosRuleCreationTest" name="scenario5" time="0.0" />
  <testcase classname="transformation.ScenariosRuleCreationTest" name="scenario6" time="0.0" />
  <testcase classname="transformation.ScenariosRuleCreationTest" name="scenario7" time="0.0" />
  <testcase classname="transformation.ScenariosRuleCreationTest" name="scenario8" time="0.0" />
  <testcase classname="transformation.ScenariosRuleCreationTest" name="scenario9" time="0.0" />
  <testcase classname="transformation.ScenariosRuleCreationTest" name="scenario13" time="0.0" />
  <testcase classname="transformation.ScenariosRuleCreationTest" name="scenario14" time="0.0" />
  <testcase classname="transformation.ScenariosRuleCreationTest" name="scenario15" time="0.0" />
  <testcase classname="transformation.PNVF2Test" name="testEmptyTargetPetrinetNoMatch3" time="0.0" />
  <testcase classname="transformation.PNVF2Test" name="testEmptyTargetPetrinetNoMatch1" time="0.0" />
  <testcase classname="transformation.PNVF2Test" name="testEmptyTargetPetrinetNoMatch2" time="0.0" />
  <testcase classname="transformation.PNVF2Test" name="testEmptySourcePetrinetMatch3" time="0.0" />
  <testcase classname="transformation.PNVF2Test" name="testEmptySourcePetrinetMatch2" time="0.0" />
  <testcase classname="transformation.PNVF2Test" name="testLabeledSourcePetrinetNoMatch" time="0.016" />
  <testcase classname="transformation.PNVF2Test" name="testLabeledTargetPetrinetNoMatch" time="0.031" />
  <testcase classname="transformation.PNVF2Test" name="testEmptySourcePetrinetMatch1" time="0.0" />
  <testcase classname="transformation.PNVF2Test" name="testRandomPetrinets" time="17.74" />
  <testcase classname="transformation.PNVF2Test" name="testNondeterminism1" time="1.528" />
  <testcase classname="transformation.PNVF2Test" name="testArcRestrictedMatch" time="0.0" />
  <testcase classname="transformation.PNVF2Test" name="testCompletePetrinetMatch" time="0.031" />
  <testcase classname="transformation.PNVF2Test" name="testCountWithoutArcsMatch1" time="1.335" />
  <testcase classname="transformation.PNVF2Test" name="testCountWithoutArcsMatch2" time="0.0" />
  <testcase classname="transformation.PNVF2Test" name="testEmptyPetrinetsMatch" time="0.0" />
  <testcase classname="transformation.PNVF2Test" name="testSimplePlaceMatch1" time="0.0" />
  <testcase classname="transformation.PNVF2Test" name="testSimplePlaceMarkingMatch1" time="0.0" />
  <testcase classname="transformation.PNVF2Test" name="testSimplePlaceMarkingMatch2" time="0.0" />
  <testcase classname="transformation.PNVF2Test" name="testSimplePlaceMarkingMatch3" time="0.0" />
  <testcase classname="transformation.PNVF2Test" name="testSimplePlaceNameMatch1" time="0.0" />
  <testcase classname="transformation.PNVF2Test" name="testSimplePlaceNameMatch2" time="0.0" />
  <testcase classname="transformation.PNVF2Test" name="testSimpleTransitionMatch1" time="0.0" />
  <testcase classname="transformation.PNVF2Test" name="testTransitionNoMatch1" time="0.0" />
  <testcase classname="transformation.PNVF2Test" name="testTransitionNoMatch2" time="0.0" />
  <testcase classname="transformation.PNVF2Test" name="testTransitionNoMatch3" time="0.0" />
  <testcase classname="transformation.PNVF2Test" name="testTransitionNoMatch4" time="0.0" />
  <testcase classname="transformation.PNVF2Test" name="testTransitionNoMatch5" time="0.0" />
  <testcase classname="transformation.PNVF2Test" name="testTransitionNoMatch6" time="0.0" />
  <testcase classname="transformation.PNVF2Test" name="testTransitionNoMatch7" time="0.0" />
  <testcase classname="transformation.PNVF2Test" name="testTransitionNoMatch8" time="0.0" />
  <testcase classname="transformation.PNVF2Test" name="testGetInstanceException" time="0.0" />
  <testcase classname="transformation.PNVF2Test" name="testGetMatchExceptions" time="0.0" />
  <testcase classname="transformation.PNVF2Test" name="testParallelCall" time="0.007" />
  <testcase classname="transformation.PNVF2Test" name="testPlaceMatch1" time="0.0" />
  <testcase classname="transformation.PNVF2Test" name="testPlaceMatch2" time="0.0" />
  <testcase classname="transformation.PNVF2Test" name="testPlaceMatch3" time="0.0" />
  <testcase classname="transformation.PNVF2Test" name="testPlaceMatch4" time="0.0" />
  <testcase classname="transformation.PNVF2Test" name="testPlaceNoMatch1" time="0.0" />
  <testcase classname="transformation.PNVF2Test" name="testPlaceNoMatch2" time="0.0" />
  <testcase classname="transformation.PNVF2Test" name="testPlaceNoMatch3" time="0.0" />
  <testcase classname="transformation.PNVF2Test" name="testSimplePlaceMarkingNameMatch1" time="0.0" />
  <testcase classname="transformation.PNVF2Test" name="testSimplePlaceMarkingNameMatch2" time="0.0" />
  <testcase classname="transformation.PNVF2Test" name="testSimplePlaceMarkingNameMatch3" time="0.0" />
  <testcase classname="transformation.PNVF2Test" name="testSimplePlaceMarkingNameMatch4" time="0.0" />
  <testcase classname="transformation.PNVF2Test" name="testSimplePlaceMarkingNameMatch5" time="0.0" />
  <testcase classname="transformation.PNVF2Test" name="testSimpleTransitionLabelMatch1" time="0.0" />
  <testcase classname="transformation.PNVF2Test" name="testSimpleTransitionLabelMatch2" time="0.0" />
  <testcase classname="transformation.PNVF2Test" name="testSimpleTransitionLabelMatch3" time="0.0" />
  <testcase classname="transformation.PNVF2Test" name="testSimpleTransitionNameMatch1" time="0.0" />
  <testcase classname="transformation.PNVF2Test" name="testSimpleTransitionNameMatch2" time="0.0" />
  <testcase classname="transformation.PNVF2Test" name="testSimpleTransitionLabelNameMatch1" time="0.0" />
  <testcase classname="transformation.PNVF2Test" name="testSimpleTransitionLabelNameMatch2" time="0.0" />
  <testcase classname="transformation.PNVF2Test" name="testSimpleTransitionLabelNameMatch3" time="0.0" />
  <testcase classname="transformation.PNVF2Test" name="testSimpleTransitionLabelNameMatch4" time="0.0" />
  <testcase classname="transformation.PNVF2Test" name="testSimpleTransitionLabelNameMatch5" time="0.0" />
  <testcase classname="transformation.PNVF2Test" name="testSimpleTransitionRnwMatch1" time="0.0" />
  <testcase classname="transformation.PNVF2Test" name="testSimpleTransitionRnwMatch2" time="0.0" />
  <testcase classname="transformation.PNVF2Test" name="testSimpleTransitionRnwMatch3" time="0.008" />
  <testcase classname="persistence.PersistanceTest" name="testExamplePNMLParsing" time="0.461">
    <error message="LInitialCapacity;" type="java.lang.NoClassDefFoundError">java.lang.NoClassDefFoundError: LInitialCapacity;
	at java.lang.Class.getDeclaredFields0(Native Method)
	at java.lang.Class.privateGetDeclaredFields(Unknown Source)
	at java.lang.Class.getDeclaredFields(Unknown Source)
	at com.sun.xml.bind.v2.model.nav.ReflectionNavigator.getDeclaredFields(ReflectionNavigator.java:279)
	at com.sun.xml.bind.v2.model.nav.ReflectionNavigator.getDeclaredFields(ReflectionNavigator.java:62)
	at com.sun.xml.bind.v2.model.impl.ClassInfoImpl.findFieldProperties(ClassInfoImpl.java:381)
	at com.sun.xml.bind.v2.model.impl.ClassInfoImpl.getProperties(ClassInfoImpl.java:312)
	at com.sun.xml.bind.v2.model.impl.RuntimeClassInfoImpl.getProperties(RuntimeClassInfoImpl.java:186)
	at com.sun.xml.bind.v2.model.impl.ModelBuilder.getClassInfo(ModelBuilder.java:247)
	at com.sun.xml.bind.v2.model.impl.RuntimeModelBuilder.getClassInfo(RuntimeModelBuilder.java:104)
	at com.sun.xml.bind.v2.model.impl.RuntimeModelBuilder.getClassInfo(RuntimeModelBuilder.java:85)
	at com.sun.xml.bind.v2.model.impl.ModelBuilder.getClassInfo(ModelBuilder.java:213)
	at com.sun.xml.bind.v2.model.impl.RuntimeModelBuilder.getClassInfo(RuntimeModelBuilder.java:99)
	at com.sun.xml.bind.v2.model.impl.RuntimeModelBuilder.getClassInfo(RuntimeModelBuilder.java:85)
	at com.sun.xml.bind.v2.model.impl.ModelBuilder.getTypeInfo(ModelBuilder.java:319)
	at com.sun.xml.bind.v2.model.impl.TypeRefImpl.calcRef(TypeRefImpl.java:96)
	at com.sun.xml.bind.v2.model.impl.TypeRefImpl.getTarget(TypeRefImpl.java:73)
	at com.sun.xml.bind.v2.model.impl.RuntimeTypeRefImpl.getTarget(RuntimeTypeRefImpl.java:62)
	at com.sun.xml.bind.v2.model.impl.RuntimeTypeRefImpl.getTarget(RuntimeTypeRefImpl.java:55)
	at com.sun.xml.bind.v2.model.impl.ElementPropertyInfoImpl$1.get(ElementPropertyInfoImpl.java:78)
	at com.sun.xml.bind.v2.model.impl.ElementPropertyInfoImpl$1.get(ElementPropertyInfoImpl.java:81)
	at java.util.AbstractList$Itr.next(Unknown Source)
	at com.sun.xml.bind.v2.model.impl.ModelBuilder.getClassInfo(ModelBuilder.java:259)
	at com.sun.xml.bind.v2.model.impl.RuntimeModelBuilder.getClassInfo(RuntimeModelBuilder.java:104)
	at com.sun.xml.bind.v2.model.impl.RuntimeModelBuilder.getClassInfo(RuntimeModelBuilder.java:85)
	at com.sun.xml.bind.v2.model.impl.ModelBuilder.getClassInfo(ModelBuilder.java:213)
	at com.sun.xml.bind.v2.model.impl.RuntimeModelBuilder.getClassInfo(RuntimeModelBuilder.java:99)
	at com.sun.xml.bind.v2.model.impl.RuntimeModelBuilder.getClassInfo(RuntimeModelBuilder.java:85)
	at com.sun.xml.bind.v2.model.impl.ModelBuilder.getTypeInfo(ModelBuilder.java:319)
	at com.sun.xml.bind.v2.model.impl.TypeRefImpl.calcRef(TypeRefImpl.java:96)
	at com.sun.xml.bind.v2.model.impl.TypeRefImpl.getTarget(TypeRefImpl.java:73)
	at com.sun.xml.bind.v2.model.impl.RuntimeTypeRefImpl.getTarget(RuntimeTypeRefImpl.java:62)
	at com.sun.xml.bind.v2.model.impl.RuntimeTypeRefImpl.getTarget(RuntimeTypeRefImpl.java:55)
	at com.sun.xml.bind.v2.model.impl.ElementPropertyInfoImpl$1.get(ElementPropertyInfoImpl.java:78)
	at com.sun.xml.bind.v2.model.impl.ElementPropertyInfoImpl$1.get(ElementPropertyInfoImpl.java:81)
	at java.util.AbstractList$Itr.next(Unknown Source)
	at com.sun.xml.bind.v2.model.impl.ModelBuilder.getClassInfo(ModelBuilder.java:259)
	at com.sun.xml.bind.v2.model.impl.RuntimeModelBuilder.getClassInfo(RuntimeModelBuilder.java:104)
	at com.sun.xml.bind.v2.model.impl.RuntimeModelBuilder.getClassInfo(RuntimeModelBuilder.java:85)
	at com.sun.xml.bind.v2.model.impl.ModelBuilder.getClassInfo(ModelBuilder.java:213)
	at com.sun.xml.bind.v2.model.impl.RuntimeModelBuilder.getClassInfo(RuntimeModelBuilder.java:99)
	at com.sun.xml.bind.v2.model.impl.RuntimeModelBuilder.getClassInfo(RuntimeModelBuilder.java:85)
	at com.sun.xml.bind.v2.model.impl.ModelBuilder.getTypeInfo(ModelBuilder.java:319)
	at com.sun.xml.bind.v2.model.impl.TypeRefImpl.calcRef(TypeRefImpl.java:96)
	at com.sun.xml.bind.v2.model.impl.TypeRefImpl.getTarget(TypeRefImpl.java:73)
	at com.sun.xml.bind.v2.model.impl.RuntimeTypeRefImpl.getTarget(RuntimeTypeRefImpl.java:62)
	at com.sun.xml.bind.v2.model.impl.RuntimeTypeRefImpl.getTarget(RuntimeTypeRefImpl.java:55)
	at com.sun.xml.bind.v2.model.impl.ElementPropertyInfoImpl$1.get(ElementPropertyInfoImpl.java:78)
	at com.sun.xml.bind.v2.model.impl.ElementPropertyInfoImpl$1.get(ElementPropertyInfoImpl.java:81)
	at java.util.AbstractList$Itr.next(Unknown Source)
	at com.sun.xml.bind.v2.model.impl.ModelBuilder.getClassInfo(ModelBuilder.java:259)
	at com.sun.xml.bind.v2.model.impl.RuntimeModelBuilder.getClassInfo(RuntimeModelBuilder.java:104)
	at com.sun.xml.bind.v2.model.impl.RuntimeModelBuilder.getClassInfo(RuntimeModelBuilder.java:85)
	at com.sun.xml.bind.v2.model.impl.ModelBuilder.getClassInfo(ModelBuilder.java:213)
	at com.sun.xml.bind.v2.model.impl.RuntimeModelBuilder.getClassInfo(RuntimeModelBuilder.java:99)
	at com.sun.xml.bind.v2.model.impl.RuntimeModelBuilder.getClassInfo(RuntimeModelBuilder.java:85)
	at com.sun.xml.bind.v2.model.impl.ModelBuilder.getTypeInfo(ModelBuilder.java:319)
	at com.sun.xml.bind.v2.model.impl.ModelBuilder.getTypeInfo(ModelBuilder.java:334)
	at com.sun.xml.bind.v2.runtime.JAXBContextImpl.getTypeInfoSet(JAXBContextImpl.java:483)
	at com.sun.xml.bind.v2.runtime.JAXBContextImpl.&lt;init&gt;(JAXBContextImpl.java:319)
	at com.sun.xml.bind.v2.runtime.JAXBContextImpl$JAXBContextBuilder.build(JAXBContextImpl.java:1170)
	at com.sun.xml.bind.v2.ContextFactory.createContext(ContextFactory.java:145)
	at javax.xml.bind.ContextFinder.newInstance(Unknown Source)
	at javax.xml.bind.ContextFinder.newInstance(Unknown Source)
	at javax.xml.bind.ContextFinder.find(Unknown Source)
	at javax.xml.bind.JAXBContext.newInstance(Unknown Source)
	at javax.xml.bind.JAXBContext.newInstance(Unknown Source)
	at persistence.PersistanceTest.testExamplePNMLParsing(PersistanceTest.java:71)
Caused by: java.lang.ClassNotFoundException: InitialCapacity
	at java.net.URLClassLoader$1.run(Unknown Source)
	at java.net.URLClassLoader$1.run(Unknown Source)
	at java.security.AccessController.doPrivileged(Native Method)
	at java.net.URLClassLoader.findClass(Unknown Source)
	at java.lang.ClassLoader.loadClass(Unknown Source)
	at sun.misc.Launcher$AppClassLoader.loadClass(Unknown Source)
	at java.lang.ClassLoader.loadClass(Unknown Source)
</error>
  </testcase>
  <testcase classname="persistence.PersistanceTest" name="testLoadRule" time="0.085">
    <error message="LInitialCapacity;" type="java.lang.NoClassDefFoundError">java.lang.NoClassDefFoundError: LInitialCapacity;
	at java.lang.Class.getDeclaredFields0(Native Method)
	at java.lang.Class.privateGetDeclaredFields(Unknown Source)
	at java.lang.Class.getDeclaredFields(Unknown Source)
	at com.sun.xml.bind.v2.model.nav.ReflectionNavigator.getDeclaredFields(ReflectionNavigator.java:279)
	at com.sun.xml.bind.v2.model.nav.ReflectionNavigator.getDeclaredFields(ReflectionNavigator.java:62)
	at com.sun.xml.bind.v2.model.impl.ClassInfoImpl.findFieldProperties(ClassInfoImpl.java:381)
	at com.sun.xml.bind.v2.model.impl.ClassInfoImpl.getProperties(ClassInfoImpl.java:312)
	at com.sun.xml.bind.v2.model.impl.RuntimeClassInfoImpl.getProperties(RuntimeClassInfoImpl.java:186)
	at com.sun.xml.bind.v2.model.impl.ModelBuilder.getClassInfo(ModelBuilder.java:247)
	at com.sun.xml.bind.v2.model.impl.RuntimeModelBuilder.getClassInfo(RuntimeModelBuilder.java:104)
	at com.sun.xml.bind.v2.model.impl.RuntimeModelBuilder.getClassInfo(RuntimeModelBuilder.java:85)
	at com.sun.xml.bind.v2.model.impl.ModelBuilder.getClassInfo(ModelBuilder.java:213)
	at com.sun.xml.bind.v2.model.impl.RuntimeModelBuilder.getClassInfo(RuntimeModelBuilder.java:99)
	at com.sun.xml.bind.v2.model.impl.RuntimeModelBuilder.getClassInfo(RuntimeModelBuilder.java:85)
	at com.sun.xml.bind.v2.model.impl.ModelBuilder.getTypeInfo(ModelBuilder.java:319)
	at com.sun.xml.bind.v2.model.impl.TypeRefImpl.calcRef(TypeRefImpl.java:96)
	at com.sun.xml.bind.v2.model.impl.TypeRefImpl.getTarget(TypeRefImpl.java:73)
	at com.sun.xml.bind.v2.model.impl.RuntimeTypeRefImpl.getTarget(RuntimeTypeRefImpl.java:62)
	at com.sun.xml.bind.v2.model.impl.RuntimeTypeRefImpl.getTarget(RuntimeTypeRefImpl.java:55)
	at com.sun.xml.bind.v2.model.impl.ElementPropertyInfoImpl$1.get(ElementPropertyInfoImpl.java:78)
	at com.sun.xml.bind.v2.model.impl.ElementPropertyInfoImpl$1.get(ElementPropertyInfoImpl.java:81)
	at java.util.AbstractList$Itr.next(Unknown Source)
	at com.sun.xml.bind.v2.model.impl.ModelBuilder.getClassInfo(ModelBuilder.java:259)
	at com.sun.xml.bind.v2.model.impl.RuntimeModelBuilder.getClassInfo(RuntimeModelBuilder.java:104)
	at com.sun.xml.bind.v2.model.impl.RuntimeModelBuilder.getClassInfo(RuntimeModelBuilder.java:85)
	at com.sun.xml.bind.v2.model.impl.ModelBuilder.getClassInfo(ModelBuilder.java:213)
	at com.sun.xml.bind.v2.model.impl.RuntimeModelBuilder.getClassInfo(RuntimeModelBuilder.java:99)
	at com.sun.xml.bind.v2.model.impl.RuntimeModelBuilder.getClassInfo(RuntimeModelBuilder.java:85)
	at com.sun.xml.bind.v2.model.impl.ModelBuilder.getTypeInfo(ModelBuilder.java:319)
	at com.sun.xml.bind.v2.model.impl.TypeRefImpl.calcRef(TypeRefImpl.java:96)
	at com.sun.xml.bind.v2.model.impl.TypeRefImpl.getTarget(TypeRefImpl.java:73)
	at com.sun.xml.bind.v2.model.impl.RuntimeTypeRefImpl.getTarget(RuntimeTypeRefImpl.java:62)
	at com.sun.xml.bind.v2.model.impl.RuntimeTypeRefImpl.getTarget(RuntimeTypeRefImpl.java:55)
	at com.sun.xml.bind.v2.model.impl.ElementPropertyInfoImpl$1.get(ElementPropertyInfoImpl.java:78)
	at com.sun.xml.bind.v2.model.impl.ElementPropertyInfoImpl$1.get(ElementPropertyInfoImpl.java:81)
	at java.util.AbstractList$Itr.next(Unknown Source)
	at com.sun.xml.bind.v2.model.impl.ModelBuilder.getClassInfo(ModelBuilder.java:259)
	at com.sun.xml.bind.v2.model.impl.RuntimeModelBuilder.getClassInfo(RuntimeModelBuilder.java:104)
	at com.sun.xml.bind.v2.model.impl.RuntimeModelBuilder.getClassInfo(RuntimeModelBuilder.java:85)
	at com.sun.xml.bind.v2.model.impl.ModelBuilder.getClassInfo(ModelBuilder.java:213)
	at com.sun.xml.bind.v2.model.impl.RuntimeModelBuilder.getClassInfo(RuntimeModelBuilder.java:99)
	at com.sun.xml.bind.v2.model.impl.RuntimeModelBuilder.getClassInfo(RuntimeModelBuilder.java:85)
	at com.sun.xml.bind.v2.model.impl.ModelBuilder.getTypeInfo(ModelBuilder.java:319)
	at com.sun.xml.bind.v2.model.impl.TypeRefImpl.calcRef(TypeRefImpl.java:96)
	at com.sun.xml.bind.v2.model.impl.TypeRefImpl.getTarget(TypeRefImpl.java:73)
	at com.sun.xml.bind.v2.model.impl.RuntimeTypeRefImpl.getTarget(RuntimeTypeRefImpl.java:62)
	at com.sun.xml.bind.v2.model.impl.RuntimeTypeRefImpl.getTarget(RuntimeTypeRefImpl.java:55)
	at com.sun.xml.bind.v2.model.impl.ElementPropertyInfoImpl$1.get(ElementPropertyInfoImpl.java:78)
	at com.sun.xml.bind.v2.model.impl.ElementPropertyInfoImpl$1.get(ElementPropertyInfoImpl.java:81)
	at java.util.AbstractList$Itr.next(Unknown Source)
	at com.sun.xml.bind.v2.model.impl.ModelBuilder.getClassInfo(ModelBuilder.java:259)
	at com.sun.xml.bind.v2.model.impl.RuntimeModelBuilder.getClassInfo(RuntimeModelBuilder.java:104)
	at com.sun.xml.bind.v2.model.impl.RuntimeModelBuilder.getClassInfo(RuntimeModelBuilder.java:85)
	at com.sun.xml.bind.v2.model.impl.ModelBuilder.getClassInfo(ModelBuilder.java:213)
	at com.sun.xml.bind.v2.model.impl.RuntimeModelBuilder.getClassInfo(RuntimeModelBuilder.java:99)
	at com.sun.xml.bind.v2.model.impl.RuntimeModelBuilder.getClassInfo(RuntimeModelBuilder.java:85)
	at com.sun.xml.bind.v2.model.impl.ModelBuilder.getTypeInfo(ModelBuilder.java:319)
	at com.sun.xml.bind.v2.model.impl.ModelBuilder.getTypeInfo(ModelBuilder.java:334)
	at com.sun.xml.bind.v2.runtime.JAXBContextImpl.getTypeInfoSet(JAXBContextImpl.java:483)
	at com.sun.xml.bind.v2.runtime.JAXBContextImpl.&lt;init&gt;(JAXBContextImpl.java:319)
	at com.sun.xml.bind.v2.runtime.JAXBContextImpl$JAXBContextBuilder.build(JAXBContextImpl.java:1170)
	at com.sun.xml.bind.v2.ContextFactory.createContext(ContextFactory.java:145)
	at javax.xml.bind.ContextFinder.newInstance(Unknown Source)
	at javax.xml.bind.ContextFinder.newInstance(Unknown Source)
	at javax.xml.bind.ContextFinder.find(Unknown Source)
	at javax.xml.bind.JAXBContext.newInstance(Unknown Source)
	at javax.xml.bind.JAXBContext.newInstance(Unknown Source)
	at persistence.Persistence.&lt;clinit&gt;(Persistence.java:55)
	at persistence.PersistanceTest.testLoadRule(PersistanceTest.java:130)
Caused by: java.lang.ClassNotFoundException: InitialCapacity
	at java.net.URLClassLoader$1.run(Unknown Source)
	at java.net.URLClassLoader$1.run(Unknown Source)
	at java.security.AccessController.doPrivileged(Native Method)
	at java.net.URLClassLoader.findClass(Unknown Source)
	at java.lang.ClassLoader.loadClass(Unknown Source)
	at sun.misc.Launcher$AppClassLoader.loadClass(Unknown Source)
	at java.lang.ClassLoader.loadClass(Unknown Source)
</error>
  </testcase>
  <testcase classname="engine.data.JungDataTest" name="testInvalidArguments_createArc_PlaceToTranstion_invalidTransition" time="0.125" />
  <testcase classname="engine.data.JungDataTest" name="testInvalidArguments_createArc_PlaceToTranstion_unknownTransition" time="0.0" />
  <testcase classname="engine.data.JungDataTest" name="testInvalidArguments_createArc_TranstionToPlace_invalidTransition" time="0.0" />
  <testcase classname="engine.data.JungDataTest" name="testInvalidArguments_createArc_TranstionToPlace_unknownTransition" time="0.0" />
  <testcase classname="engine.data.JungDataTest" name="testInvalidArguments_createPlace_toClose_TooCloseLeftTransition" time="0.0" />
  <testcase classname="engine.data.JungDataTest" name="testInvalidArguments_createPlace_toClose_TooCloseRightTransition" time="0.0" />
  <testcase classname="engine.data.JungDataTest" name="testInvalidArguments_createPlace_toClose_TooCloseTopTransition" time="0.0" />
  <testcase classname="engine.data.JungDataTest" name="testInvalidArguments_createPlace_toClose_TooCloseBottomTransition" time="0.0" />
  <testcase classname="engine.data.JungDataTest" name="testInvalidArguments_createTransition_toClose_OverlayTransition" time="0.0" />
  <testcase classname="engine.data.JungDataTest" name="testInvalidArguments_createTransition_toClose_TooCloseLeftTransition" time="0.0" />
  <testcase classname="engine.data.JungDataTest" name="testInvalidArguments_createTransition_toClose_TooCloseTopTransition" time="0.0" />
  <testcase classname="engine.data.JungDataTest" name="testInvalidArguments_createTransition_toClose_TooCloseLeftPlace" time="0.0" />
  <testcase classname="engine.data.JungDataTest" name="testInvalidArguments_createTransition_toClose_TooCloseRightPlace" time="0.0" />
  <testcase classname="engine.data.JungDataTest" name="testInvalidArguments_createTransition_toClose_TooCloseTopPlace" time="0.0" />
  <testcase classname="engine.data.JungDataTest" name="testInvalidArguments_createTransition_toClose_TooCloseBottomPlace" time="0.0" />
  <testcase classname="engine.data.JungDataTest" name="test_isCreatePossibleAt_toClose_OverlayTransition" time="0.0" />
  <testcase classname="engine.data.JungDataTest" name="testInvalidArguments_createPlace_containsPlace" time="0.0" />
  <testcase classname="engine.data.JungDataTest" name="testInvalidArguments_getPlaceColor_unknownPlace" time="0.0" />
  <testcase classname="engine.data.JungDataTest" name="testInvalidArguments_delete_missingArcsToDelete" time="0.008" />
  <testcase classname="engine.data.JungDataTest" name="testInvalidArguments_createTransition_toClose_TooCloseRightTransition" time="0.0" />
  <testcase classname="engine.data.JungDataTest" name="testInvalidArguments_createTransition_toClose_TooCloseBottomTransition" time="0.0" />
  <testcase classname="engine.data.JungDataTest" name="getJungGraph" time="0.0" />
  <testcase classname="engine.data.JungDataTest" name="testDelete" time="0.0" />
  <testcase classname="engine.data.JungDataTest" name="testCreateArc_MinNodeDistanceRadiusSize" time="0.0" />
  <testcase classname="engine.data.JungDataTest" name="test_isCreatePossibleAt_JustEnoughLeft" time="0.0" />
  <testcase classname="engine.data.JungDataTest" name="test_isCreatePossibleAt_JustEnoughRight" time="0.0" />
  <testcase classname="engine.data.JungDataTest" name="test_isCreatePossibleAt_JustEnoughTop" time="0.008" />
  <testcase classname="engine.data.JungDataTest" name="test_isCreatePossibleAt_JustEnoughBottom" time="0.0" />
  <testcase classname="engine.data.JungDataTest" name="testNull_createArc_PlaceToTranstion_1" time="0.0" />
  <testcase classname="engine.data.JungDataTest" name="testNull_createArc_PlaceToTranstion_2" time="0.0" />
  <testcase classname="engine.data.JungDataTest" name="testNull_createArc_PlaceToTranstion_3" time="0.0" />
  <testcase classname="engine.data.JungDataTest" name="testNull_createArc_TranstionToPlace_1" time="0.0" />
  <testcase classname="engine.data.JungDataTest" name="testNull_createArc_TranstionToPlace_2" time="0.0" />
  <testcase classname="engine.data.JungDataTest" name="testNull_createArc_TranstionToPlace_3" time="0.0" />
  <testcase classname="engine.data.JungDataTest" name="testInvalidArguments_delete_unknownArc" time="0.0" />
  <testcase classname="engine.data.JungDataTest" name="testInvalidArguments_delete_unknownINode" time="0.0" />
  <testcase classname="engine.data.JungDataTest" name="testInvalidArguments_moveNode_UnknownNode" time="0.0" />
  <testcase classname="engine.data.JungDataTest" name="testInvalidArguments_moveNode_Overlay" time="0.0" />
  <testcase classname="engine.data.JungDataTest" name="testInvalidArguments_moveNode_TooCloseLeft" time="0.0" />
  <testcase classname="engine.data.JungDataTest" name="testInvalidArguments_moveNode_TooCloseRight" time="0.0" />
  <testcase classname="engine.data.JungDataTest" name="testInvalidArguments_moveNode_TooCloseTop" time="0.0" />
  <testcase classname="engine.data.JungDataTest" name="testInvalidArguments_moveNode_TooCloseBottom" time="0.0" />
  <testcase classname="engine.data.JungDataTest" name="getJungLayout" time="0.0" />
  <testcase classname="engine.data.JungDataTest" name="nullTest_construct_1" time="0.0" />
  <testcase classname="engine.data.JungDataTest" name="nullTest_construct_2" time="0.0" />
  <testcase classname="engine.data.JungDataTest" name="testCreatePlace" time="0.0" />
  <testcase classname="engine.data.JungDataTest" name="testCreateTransition" time="0.0" />
  <testcase classname="engine.data.JungDataTest" name="testNull_delete_1" time="0.0" />
  <testcase classname="engine.data.JungDataTest" name="testNull_delete_2" time="0.0" />
  <testcase classname="engine.data.JungDataTest" name="testNull_delete_4" time="0.0" />
  <testcase classname="engine.data.JungDataTest" name="testNull_delete_5" time="0.0" />
  <testcase classname="engine.data.JungDataTest" name="testNull_moveNode_1" time="0.0" />
  <testcase classname="engine.data.JungDataTest" name="testNull_moveNode_2" time="0.0" />
  <testcase classname="engine.data.JungDataTest" name="testMoveNode" time="0.0" />
  <testcase classname="engine.data.JungDataTest" name="testDelete_emptyCollections" time="0.0" />
  <testcase classname="engine.data.JungDataTest" name="testMoveNode_selfOverlay" time="0.0" />
  <testcase classname="engine.data.JungDataTest" name="testMoveNode_selfCloseLeft" time="0.008" />
  <testcase classname="engine.data.JungDataTest" name="testMoveNode_selfCloseRight" time="0.0" />
  <testcase classname="engine.data.JungDataTest" name="testMoveNode_selfCloseTop" time="0.0" />
  <testcase classname="engine.data.JungDataTest" name="testMoveNode_selfCloseBottom" time="0.0" />
  <testcase classname="engine.data.JungDataTest" name="testMoveNode_JustEnoughLeft" time="0.0" />
  <testcase classname="engine.data.JungDataTest" name="testMoveNode_JustEnoughRight" time="0.0" />
  <testcase classname="engine.data.JungDataTest" name="testMoveNode_JustEnoughTop" time="0.0" />
  <testcase classname="engine.data.JungDataTest" name="testPlaceColor_defaultColor" time="0.0" />
  <testcase classname="engine.data.JungDataTest" name="testPlaceColor_setColor" time="0.0" />
  <testcase classname="engine.data.JungDataTest" name="testNull_createPlace_1" time="0.0" />
  <testcase classname="engine.data.JungDataTest" name="testNull_createPlace_2" time="0.0" />
  <testcase classname="engine.data.JungDataTest" name="testNull_createTransition_1" time="0.0" />
  <testcase classname="engine.data.JungDataTest" name="testNull_createTransition_2" time="0.0" />
  <testcase classname="engine.data.JungDataTest" name="testNull_getPlaceColor" time="0.0" />
  <testcase classname="engine.data.JungDataTest" name="testNull_setPlaceColor_1" time="0.0" />
  <testcase classname="engine.data.JungDataTest" name="testNull_setPlaceColor_2" time="0.0" />
  <testcase classname="engine.data.JungDataTest" name="testNull_isCreatePossibleAt" time="0.0" />
  <testcase classname="engine.data.JungDataTest" name="testCreateArc_PlaceToTranstion" time="0.0" />
  <testcase classname="engine.data.JungDataTest" name="testCreateArc_TranstionToPlace" time="0.0" />
  <testcase classname="engine.data.JungDataTest" name="testMoveNode_JustEnoughBottom" time="0.0" />
  <testcase classname="engine.data.JungDataTest" name="testPlaceColor_createDeleteCreate" time="0.0" />
  <testcase classname="engine.data.JungDataTest" name="testInvalidArguments_setPlaceColor_1" time="0.0" />
  <testcase classname="engine.data.JungDataTest" name="test_isCreatePossibleAt_toClose_TooCloseLeftTransition" time="0.0" />
  <testcase classname="engine.data.JungDataTest" name="test_isCreatePossibleAt_toClose_TooCloseRightTransition" time="0.0" />
  <testcase classname="engine.data.JungDataTest" name="test_isCreatePossibleAt_toClose_TooCloseTopTransition" time="0.0" />
  <testcase classname="engine.data.JungDataTest" name="test_isCreatePossibleAt_toClose_TooCloseBottomTransition" time="0.0" />
  <testcase classname="engine.data.JungDataTest" name="testInvalidArguments_createArc_PlaceToTranstion_invalidPlace" time="0.0" />
  <testcase classname="engine.data.JungDataTest" name="testInvalidArguments_createArc_PlaceToTranstion_bothInvalid" time="0.0" />
  <testcase classname="engine.data.JungDataTest" name="testInvalidArguments_createArc_PlaceToTranstion_unknownPlace" time="0.0" />
  <testcase classname="engine.data.JungDataTest" name="testInvalidArguments_createArc_PlaceToTranstion_bothUnknown" time="0.0" />
  <testcase classname="engine.data.JungDataTest" name="testInvalidArguments_createArc_TranstionToPlace_invalidPlace" time="0.0" />
  <testcase classname="engine.data.JungDataTest" name="testInvalidArguments_createArc_TranstionToPlace_bothInvalid" time="0.0" />
  <testcase classname="engine.data.JungDataTest" name="testInvalidArguments_createArc_TranstionToPlace_unknownPlace" time="0.0" />
  <testcase classname="engine.data.JungDataTest" name="testInvalidArguments_createArc_TranstionToPlace_bothUnknown" time="0.0" />
  <testcase classname="engine.data.JungDataTest" name="testInvalidArguments_createPlace_toClose_OverlayPlace" time="0.0" />
  <testcase classname="engine.data.JungDataTest" name="testInvalidArguments_createPlace_toClose_TooCloseLeftPlace" time="0.0" />
  <testcase classname="engine.data.JungDataTest" name="testInvalidArguments_createPlace_toClose_TooCloseRightPlace" time="0.0" />
  <testcase classname="engine.data.JungDataTest" name="testInvalidArguments_createPlace_toClose_TooCloseTopPlace" time="0.0" />
  <testcase classname="engine.data.JungDataTest" name="testInvalidArguments_createPlace_toClose_TooCloseBottomPlace" time="0.0" />
  <testcase classname="engine.data.JungDataTest" name="testInvalidArguments_createPlace_toClose_OverlayTransition" time="0.008" />
  <testcase classname="engine.data.JungDataTest" name="testInvalidArguments_createTransition_containsTransition" time="0.0" />
  <testcase classname="engine.data.JungDataTest" name="testInvalidArguments_createTransition_toClose_OverlayPlace" time="0.0" />
  <testcase classname="engine.data.PetrinetDataTest" name="testIllegalArgument_constructor_petrinetAndJung_1" time="0.0" />
  <testcase classname="engine.data.PetrinetDataTest" name="testIllegalArgument_constructor_petrinetAndJung_2" time="0.0" />
  <testcase classname="engine.data.PetrinetDataTest" name="testIllegalArgument_constructor_petrinetAndJung_3" time="0.0" />
  <testcase classname="engine.data.PetrinetDataTest" name="testIllegalArgument_constructor_petrinetAndJung_4" time="0.0" />
  <testcase classname="engine.data.PetrinetDataTest" name="testData" time="0.0" />
  <testcase classname="engine.data.PetrinetDataTest" name="testNull_constructor_1" time="0.0" />
  <testcase classname="engine.data.PetrinetDataTest" name="testNull_constructor_2" time="0.0" />
  <testcase classname="engine.data.PetrinetDataTest" name="testIllegalArgument_constructor_id_1" time="0.0" />
  <testcase classname="engine.data.PetrinetDataTest" name="testIllegalArgument_constructor_id_2" time="0.0" />
  <testcase classname="engine.data.RuleDataTest" name="testIllegalArgument_constructor_jungDataSame_1" time="0.015" />
  <testcase classname="engine.data.RuleDataTest" name="testIllegalArgument_constructor_jungDataSame_2" time="0.0" />
  <testcase classname="engine.data.RuleDataTest" name="testIllegalArgument_constructor_jungDataSame_3" time="0.0" />
  <testcase classname="engine.data.RuleDataTest" name="testIllegalArgument_constructor_jungDataSame_4" time="0.0" />
  <testcase classname="engine.data.RuleDataTest" name="testIllegalArgument_constructor_jungData_1" time="0.0" />
  <testcase classname="engine.data.RuleDataTest" name="testIllegalArgument_constructor_jungData_2" time="0.0" />
  <testcase classname="engine.data.RuleDataTest" name="testIllegalArgument_constructor_jungData_3" time="0.0" />
  <testcase classname="engine.data.RuleDataTest" name="testData" time="0.015" />
  <testcase classname="engine.data.RuleDataTest" name="testNull_constructor_1" time="0.0" />
  <testcase classname="engine.data.RuleDataTest" name="testNull_constructor_2" time="0.0" />
  <testcase classname="engine.data.RuleDataTest" name="testNull_constructor_3" time="0.0" />
  <testcase classname="engine.data.RuleDataTest" name="testNull_constructor_4" time="0.0" />
  <testcase classname="engine.data.RuleDataTest" name="testIllegalArgument_constructor_id_1" time="0.0" />
  <testcase classname="engine.data.RuleDataTest" name="testIllegalArgument_constructor_id_2" time="0.0" />
  <testcase classname="engine.session.SessionManagerTest" name="testInvalidArgument_createPetrinetData_nonEmpty" time="0.0" />
  <testcase classname="engine.session.SessionManagerTest" name="testInvalidArgument_createRuleData_nonEmpty" time="0.0" />
  <testcase classname="engine.session.SessionManagerTest" name="testGetInstance" time="0.0" />
  <testcase classname="engine.session.SessionManagerTest" name="testGetPetrinetData" time="0.0" />
  <testcase classname="engine.session.SessionManagerTest" name="createPetrinetData" time="0.0" />
  <testcase classname="engine.session.SessionManagerTest" name="testGetRuleData" time="0.0" />
  <testcase classname="engine.session.SessionManagerTest" name="createRuleData" time="0.0" />
  <testcase classname="engine.session.SessionManagerTest" name="testGetSessionData" time="0.0" />
  <testcase classname="engine.session.SessionManagerTest" name="testNull_createPetrinetData" time="0.0" />
  <testcase classname="engine.session.SessionManagerTest" name="testNull_createRuleData" time="0.0" />
  <testcase classname="engine.handler.PetrinetHandlerTest" name="testCreatePlace" time="0.031" />
  <testcase classname="engine.handler.PetrinetHandlerTest" name="testCreateTransition" time="0.007" />
  <testcase classname="engine.handler.PetrinetHandlerTest" name="testCreatePetrinet" time="0.0" />
  <testcase classname="engine.handler.PetrinetHandlerTest" name="testCreateArc" time="0.0" />
  <testcase classname="engine.handler.PetrinetHandlerTest" name="testDeleteArc" time="0.0" />
  <testcase classname="engine.handler.PetrinetHandlerTest" name="testMoveNode" time="0.008" />
  <testcase classname="engine.handler.PetrinetHandlerTest" name="testSave" time="0.0" />
  <testcase classname="engine.handler.PetrinetHandlerTest" name="testLoad" time="0.0" />
  <testcase classname="engine.handler.PetrinetHandlerTest" name="testSetPname" time="0.0" />
  <testcase classname="engine.handler.PetrinetHandlerTest" name="testSetTlb" time="0.0" />
  <testcase classname="engine.handler.PetrinetHandlerTest" name="testSetTname" time="0.0" />
  <testcase classname="engine.handler.PetrinetHandlerTest" name="testGetPlaceAttribute" time="0.0" />
  <testcase classname="engine.handler.PetrinetHandlerTest" name="testGetTransitionAttribute" time="0.0" />
  <testcase classname="engine.handler.PetrinetHandlerTest" name="testDeletePlace" time="0.0" />
  <testcase classname="engine.handler.PetrinetHandlerTest" name="testDeleteTransition" time="0.0" />
  <testcase classname="engine.handler.PetrinetHandlerTest" name="testGetArcAttribute" time="0.0" />
  <testcase classname="engine.handler.PetrinetHandlerTest" name="testGetJungLayout" time="0.0" />
  <testcase classname="engine.handler.PetrinetHandlerTest" name="testMoveGraph" time="0.0" />
  <testcase classname="engine.handler.PetrinetHandlerTest" name="testSetMarking" time="0.0" />
  <testcase classname="engine.handler.PetrinetHandlerTest" name="testSetWeight" time="0.0" />
  <testcase classname="engine.handler.PetrinetHandlerTest" name="testGetNodeType" time="0.0" />
  <system-out><![CDATA[EMMA: collecting runtime coverage data ...
EMMA: runtime controller started on port [47653]
483
517
Transitions
Places
Arcs
fromLtoK
fromLtoK
fromRtoK
fromRtoK
800 <= 824 | 1000 | 1586 <= 1200
]]></system-out>
  <system-err><![CDATA[]]></system-err>
</testsuite>
